[15:34:36] [Render thread/INFO]: Environment: authHost='https://authserver.mojang.com', accountsHost='https://api.mojang.com', sessionHost='https://sessionserver.mojang.com', servicesHost='https://api.minecraftservices.com', name='PROD'
[15:34:39] [Render thread/ERROR]: Failed to verify authentication
com.mojang.authlib.exceptions.InvalidCredentialsException: Status: 401
	at com.mojang.authlib.exceptions.MinecraftClientHttpException.toAuthenticationException(MinecraftClientHttpException.java:56) ~[authlib-3.3.39.jar:?]
	at com.mojang.authlib.yggdrasil.YggdrasilUserApiService.fetchProperties(YggdrasilUserApiService.java:132) ~[authlib-3.3.39.jar:?]
	at com.mojang.authlib.yggdrasil.YggdrasilUserApiService.<init>(YggdrasilUserApiService.java:44) ~[authlib-3.3.39.jar:?]
	at com.mojang.authlib.yggdrasil.YggdrasilAuthenticationService.createUserApiService(YggdrasilAuthenticationService.java:153) ~[authlib-3.3.39.jar:?]
	at dyr.a(SourceFile:680) [1.18.2.jar:?]
	at dyr.<init>(SourceFile:424) [1.18.2.jar:?]
	at net.minecraft.client.main.Main.main(SourceFile:197) [1.18.2.jar:?]
Caused by: com.mojang.authlib.exceptions.MinecraftClientHttpException: Status: 401
	at com.mojang.authlib.minecraft.client.MinecraftClient.readInputStream(MinecraftClient.java:78) ~[authlib-3.3.39.jar:?]
	at com.mojang.authlib.minecraft.client.MinecraftClient.get(MinecraftClient.java:48) ~[authlib-3.3.39.jar:?]
	at com.mojang.authlib.yggdrasil.YggdrasilUserApiService.fetchProperties(YggdrasilUserApiService.java:113) ~[authlib-3.3.39.jar:?]
	... 5 more
[15:34:39] [Render thread/INFO]: Setting user: 1
[15:34:39] [Render thread/INFO]: Backend library: LWJGL version 3.2.2 build 10
[15:34:48] [Render thread/INFO]: Narrator library for x64 successfully loaded
[15:34:50] [Render thread/INFO]: Reloading ResourceManager: Default
[15:34:53] [Realms Notification Availability checker #1/INFO]: Could not authorize you against Realms server: Invalid session id
[15:35:06] [Render thread/INFO]: Stopping!
[15:35:07] [Render thread/ERROR]: Shutdown failure!
java.util.ConcurrentModificationException: null
	at java.util.HashMap.forEach(HashMap.java:1423) ~[?:?]
	at faz.close(SourceFile:173) ~[1.18.2.jar:?]
	at dyr.close(SourceFile:1048) [1.18.2.jar:?]
	at dyr.l(SourceFile:1026) [1.18.2.jar:?]
	at net.minecraft.client.main.Main.main(SourceFile:252) [1.18.2.jar:?]
[15:35:34] [Render thread/INFO]: Environment: authHost='https://authserver.mojang.com', accountsHost='https://api.mojang.com', sessionHost='https://sessionserver.mojang.com', servicesHost='https://api.minecraftservices.com', name='PROD'
[15:35:37] [Render thread/ERROR]: Failed to verify authentication
com.mojang.authlib.exceptions.InvalidCredentialsException: Status: 401
	at com.mojang.authlib.exceptions.MinecraftClientHttpException.toAuthenticationException(MinecraftClientHttpException.java:56) ~[authlib-3.3.39.jar:?]
	at com.mojang.authlib.yggdrasil.YggdrasilUserApiService.fetchProperties(YggdrasilUserApiService.java:132) ~[authlib-3.3.39.jar:?]
	at com.mojang.authlib.yggdrasil.YggdrasilUserApiService.<init>(YggdrasilUserApiService.java:44) ~[authlib-3.3.39.jar:?]
	at com.mojang.authlib.yggdrasil.YggdrasilAuthenticationService.createUserApiService(YggdrasilAuthenticationService.java:153) ~[authlib-3.3.39.jar:?]
	at dyr.a(SourceFile:680) [1.18.2.jar:?]
	at dyr.<init>(SourceFile:424) [1.18.2.jar:?]
	at net.minecraft.client.main.Main.main(SourceFile:197) [1.18.2.jar:?]
Caused by: com.mojang.authlib.exceptions.MinecraftClientHttpException: Status: 401
	at com.mojang.authlib.minecraft.client.MinecraftClient.readInputStream(MinecraftClient.java:78) ~[authlib-3.3.39.jar:?]
	at com.mojang.authlib.minecraft.client.MinecraftClient.get(MinecraftClient.java:48) ~[authlib-3.3.39.jar:?]
	at com.mojang.authlib.yggdrasil.YggdrasilUserApiService.fetchProperties(YggdrasilUserApiService.java:113) ~[authlib-3.3.39.jar:?]
	... 5 more
[15:35:37] [Render thread/INFO]: Setting user: 1
[15:35:37] [Render thread/INFO]: Backend library: LWJGL version 3.2.2 build 10
[15:35:44] [Render thread/INFO]: Narrator library for x64 successfully loaded
[15:35:45] [Render thread/INFO]: Reloading ResourceManager: Default
[15:35:47] [Realms Notification Availability checker #1/INFO]: Could not authorize you against Realms server: Invalid session id
[15:36:04] [Render thread/INFO]: OpenAL initialized on device OpenAL Soft on ÑïÉùÆ÷ (Conexant SmartAudio HD)
[15:36:04] [Render thread/INFO]: Sound engine started
[15:36:05] [Render thread/INFO]: Created: 1024x1024x4 minecraft:textures/atlas/blocks.png-atlas
[15:36:06] [Render thread/INFO]: Created: 256x128x4 minecraft:textures/atlas/signs.png-atlas
[15:36:06] [Render thread/INFO]: Created: 1024x512x4 minecraft:textures/atlas/banner_patterns.png-atlas
[15:36:06] [Render thread/INFO]: Created: 1024x512x4 minecraft:textures/atlas/shield_patterns.png-atlas
[15:36:06] [Render thread/INFO]: Created: 256x256x4 minecraft:textures/atlas/chest.png-atlas
[15:36:06] [Render thread/INFO]: Created: 512x256x4 minecraft:textures/atlas/beds.png-atlas
[15:36:06] [Render thread/INFO]: Created: 512x256x4 minecraft:textures/atlas/shulker_boxes.png-atlas
[15:36:12] [Render thread/INFO]: Created: 256x256x0 minecraft:textures/atlas/particles.png-atlas
[15:36:12] [Render thread/INFO]: Created: 256x256x0 minecraft:textures/atlas/paintings.png-atlas
[15:36:12] [Render thread/INFO]: Created: 256x128x0 minecraft:textures/atlas/mob_effects.png-atlas
